#
# A fatal error has been detected by the Java Runtime Environment:
#
#  SIGSEGV (0xb) at pc=0x00007eda506cf210, pid=21537, tid=21545
#
# JRE version: Java(TM) SE Runtime Environment (21.0.8+12) (build 21.0.8+12-LTS-250)
# Java VM: Java HotSpot(TM) 64-Bit Server VM (21.0.8+12-LTS-250, mixed mode, sharing, tiered, compressed oops, compressed class ptrs, g1 gc, linux-amd64)
# Problematic frame:
# V  [libjvm.so+0x2cf210]  AccessInternal::PostRuntimeDispatch<G1BarrierSet::AccessBarrier<548964ul, G1BarrierSet>, (AccessInternal::BarrierType)2, 548964ul>::oop_access_barrier(void*)+0x0
#
# Core dump will be written. Default location: Core dumps may be processed with "/usr/share/apport/apport -p%p -s%s -c%c -d%d -P%P -u%u -g%g -F%F -- %E" (or dumping to /home/tztyfrank/Documentos/Programacion III/InventarioWebAppPRN335/core.21537)
#
# If you would like to submit a bug report, please visit:
#   https://bugreport.java.com/bugreport/crash.jsp
#

---------------  S U M M A R Y ------------

Command Line: -Dmaven.home=/home/tztyfrank/Documentos/Programacion III -Dmaven.multiModuleProjectDirectory=/home/tztyfrank/Documentos/Programacion III/InventarioWebAppPRN335 org.apache.maven.wrapper.MavenWrapperMain -Didea.version=2025.2.1 -Dmaven.ext.class.path=/snap/intellij-idea-ultimate/644/plugins/maven/lib/maven-event-listener.jar -Djansi.passthrough=true -Dstyle.color=always -Dmaven.repo.local=/home/tztyfrank/.m2/repository validate -f pom.xml

Host: AMD A12-9720P RADEON R7, 12 COMPUTE CORES 4C+8G, 4 cores, 30G, Ubuntu 24.04.3 LTS
Time: Mon Sep  8 17:44:48 2025 CST elapsed time: 0.078998 seconds (0d 0h 0m 0s)

---------------  T H R E A D  ---------------

Current thread (0x00007eda4c0285b0):  JavaThread "main"             [_thread_in_vm, id=21545, stack(0x00007eda50300000,0x00007eda50400000) (1024K)]

Stack: [0x00007eda50300000,0x00007eda50400000],  sp=0x00007eda503fdf48,  free space=1015k
Native frames: (J=compiled Java code, j=interpreted, Vv=VM code, C=native code)
V  [libjvm.so+0x2cf210]  AccessInternal::PostRuntimeDispatch<G1BarrierSet::AccessBarrier<548964ul, G1BarrierSet>, (AccessInternal::BarrierType)2, 548964ul>::oop_access_barrier(void*)+0x0
V  [libjvm.so+0x8c18ab]  InstanceKlass::restore_unshareable_info(ClassLoaderData*, Handle, PackageEntry*, JavaThread*)+0xfb
V  [libjvm.so+0xe614f1]  SystemDictionary::load_shared_class(InstanceKlass*, Handle, Handle, ClassFileStream const*, PackageEntry*, JavaThread*)+0x181
V  [libjvm.so+0xe61b74]  SystemDictionary::load_instance_class_impl(Symbol*, Handle, JavaThread*)+0x4f4
V  [libjvm.so+0xe5fd3c]  SystemDictionary::load_instance_class(Symbol*, Handle, JavaThread*)+0x1c
V  [libjvm.so+0xe602d8]  SystemDictionary::resolve_instance_class_or_null(Symbol*, Handle, Handle, JavaThread*)+0x458
V  [libjvm.so+0xe61c92]  SystemDictionary::resolve_or_fail(Symbol*, Handle, Handle, bool, JavaThread*)+0x52
V  [libjvm.so+0x671458]  ConstantPool::klass_at_impl(constantPoolHandle const&, int, JavaThread*)+0x158
V  [libjvm.so+0x8e4532]  InterpreterRuntime::_new(JavaThread*, ConstantPool*, int)+0x62
j  jdk.internal.loader.BuiltinClassLoader.findMiscResource(Ljava/lang/String;)Ljava/util/List;+74 java.base@21.0.8
j  jdk.internal.loader.BuiltinClassLoader.findResource(Ljava/lang/String;)Ljava/net/URL;+95 java.base@21.0.8
j  jdk.internal.loader.BootLoader.findResource(Ljava/lang/String;)Ljava/net/URL;+4 java.base@21.0.8
j  java.lang.ClassLoader.getResource(Ljava/lang/String;)Ljava/net/URL;+25 java.base@21.0.8
j  java.lang.ClassLoader.getResource(Ljava/lang/String;)Ljava/net/URL;+17 java.base@21.0.8
j  java.lang.ClassLoader.getResourceAsStream(Ljava/lang/String;)Ljava/io/InputStream;+7 java.base@21.0.8
j  java.lang.Class.getResourceAsStream(Ljava/lang/String;)Ljava/io/InputStream;+123 java.base@21.0.8
j  org.apache.maven.wrapper.MavenWrapperMain.wrapperVersion()Ljava/lang/String;+4
j  org.apache.maven.wrapper.MavenWrapperMain.main([Ljava/lang/String;)V+14
v  ~StubRoutines::call_stub 0x00007eda3bf37cc6
V  [libjvm.so+0x8eefca]  JavaCalls::call_helper(JavaValue*, methodHandle const&, JavaCallArguments*, JavaThread*)+0x2da
V  [libjvm.so+0x9948bd]  jni_invoke_static(JNIEnv_*, JavaValue*, _jobject*, JNICallType, _jmethodID*, JNI_ArgumentPusher*, JavaThread*) [clone .constprop.1]+0x36d
V  [libjvm.so+0x99717b]  jni_CallStaticVoidMethod+0x12b
C  [libjli.so+0x5206]  JavaMain+0xfb6
C  [libjli.so+0x7e79]  ThreadJavaMain+0x9
C  [libc.so.6+0x9caa4]
Java frames: (J=compiled Java code, j=interpreted, Vv=VM code)
j  jdk.internal.loader.BuiltinClassLoader.findMiscResource(Ljava/lang/String;)Ljava/util/List;+74 java.base@21.0.8
j  jdk.internal.loader.BuiltinClassLoader.findResource(Ljava/lang/String;)Ljava/net/URL;+95 java.base@21.0.8
j  jdk.internal.loader.BootLoader.findResource(Ljava/lang/String;)Ljava/net/URL;+4 java.base@21.0.8
j  java.lang.ClassLoader.getResource(Ljava/lang/String;)Ljava/net/URL;+25 java.base@21.0.8
j  java.lang.ClassLoader.getResource(Ljava/lang/String;)Ljava/net/URL;+17 java.base@21.0.8
j  java.lang.ClassLoader.getResourceAsStream(Ljava/lang/String;)Ljava/io/InputStream;+7 java.base@21.0.8
j  java.lang.Class.getResourceAsStream(Ljava/lang/String;)Ljava/io/InputStream;+123 java.base@21.0.8
j  org.apache.maven.wrapper.MavenWrapperMain.wrapperVersion()Ljava/lang/String;+4
j  org.apache.maven.wrapper.MavenWrapperMain.main([Ljava/lang/String;)V+14
v  ~StubRoutines::call_stub 0x00007eda3bf37cc6

siginfo: si_signo: 11 (SIGSEGV), si_code: 1 (SEGV_MAPERR), si_addr: 0x0000000000000010

Registers:
RAX=0x00007ed9d3176268, RBX=0x00007ed9d38384f8, RCX=0x0000000000000009, RDX=0x0000000000000000
RSP=0x00007eda503fdf48, RBP=0x00007eda503fdfd0, RSI=0x00007eda4c0285b0, RDI=0x0000000000000010
R8 =0x00007eda4c0285b0, R9 =0x0000000000000000, R10=0x00007ed9d3175f60, R11=0x00007ed9d38383e0
R12=0x00007eda4c0285b0, R13=0x00007ed9d3175f60, R14=0x00007ed9d38389e0, R15=0x0000000000000000
RIP=0x00007eda506cf210, EFLAGS=0x0000000000010202, CSGSFS=0x002b000000000033, ERR=0x0000000000000004
  TRAPNO=0x000000000000000e


Register to memory mapping:

RAX=0x00007ed9d3176268 is pointing into metadata
RBX=0x00007ed9d38384f8 is pointing into metadata
RCX=0x0000000000000009 is an unknown value
RDX=0x0 is null
RSP=0x00007eda503fdf48 is pointing into the stack for thread: 0x00007eda4c0285b0
RBP=0x00007eda503fdfd0 is pointing into the stack for thread: 0x00007eda4c0285b0
RSI=0x00007eda4c0285b0 is a thread
RDI=0x0000000000000010 is an unknown value
R8 =0x00007eda4c0285b0 is a thread
R9 =0x0 is null
R10=0x00007ed9d3175f60 is a pointer to class: 
jdk.internal.loader.BuiltinClassLoader$2 {0x00007ed9d3175f60}
 - instance size:     3
 - klass size:        69
 - access:            synchronized 
 - flags:             rewritten has_nonstatic_fields is_shared_boot_class has_localvariable_table 
 - state:             allocated
 - name:              'jdk/internal/loader/BuiltinClassLoader$2'
 - super:             'java/lang/Object'
 - sub:               
 - arrays:            null
 - methods:           Array<T>(0x00007ed9d38389c8)
 - method ordering:   Array<T>(0x00007ed9d3838a58)
 - local interfaces:  Array<T>(0x00007ed9d38383e0)
 - trans. interfaces: Array<T>(0x00007ed9d38383e0)
 - constants:         constant pool [125] {0x00007ed9d38384f8} for 'jdk/internal/loader/BuiltinClassLoader$2' cache=0x00007ed9d3176268
 - class loader data:  loader data: 0x00007eda4c0efc90 of 'bootstrap'
 - source file:       'BuiltinClassLoader.java'
 - generic signature: 'Ljava/lang/Object;Ljava/security/PrivilegedExceptionAction<Ljava/util/List<Ljava/net/URL;>;>;'
 - inner classes:     Array<T>(0x00007ed9d38389b0)
 - nest members:     Array<T>(0x00007ed9d3620cf0)
 - permitted subclasses:     Array<T>(0x00007ed9d3620cf0)
 - java mirror:       a 'java/lang/Class'{0x00000007ffc95fb0} = 'jdk/internal/loader/BuiltinClassLoader$2'
 - vtable length      7  (start addr: 0x00007ed9d3176120)
 - itable length      5 (start addr: 0x00007ed9d3176158)
 - ---- static fields (0 words):
 - ---- non-static fields (2 words):
 - final synthetic 'val$name' 'Ljava/lang/String;' @12 
 - final synthetic 'this$0' 'Ljdk/internal/loader/BuiltinClassLoader;' @16 
 - non-static oop maps: 12-16 
R11=0x00007ed9d38383e0 is pointing into metadata
R12=0x00007eda4c0285b0 is a thread
R13=0x00007ed9d3175f60 is a pointer to class: 
jdk.internal.loader.BuiltinClassLoader$2 {0x00007ed9d3175f60}
 - instance size:     3
 - klass size:        69
 - access:            synchronized 
 - flags:             rewritten has_nonstatic_fields is_shared_boot_class has_localvariable_table 
 - state:             allocated
 - name:              'jdk/internal/loader/BuiltinClassLoader$2'
 - super:             'java/lang/Object'
 - sub:               
 - arrays:            null
 - methods:           Array<T>(0x00007ed9d38389c8)
 - method ordering:   Array<T>(0x00007ed9d3838a58)
 - local interfaces:  Array<T>(0x00007ed9d38383e0)
 - trans. interfaces: Array<T>(0x00007ed9d38383e0)
 - constants:         constant pool [125] {0x00007ed9d38384f8} for 'jdk/internal/loader/BuiltinClassLoader$2' cache=0x00007ed9d3176268
 - class loader data:  loader data: 0x00007eda4c0efc90 of 'bootstrap'
 - source file:       'BuiltinClassLoader.java'
 - generic signature: 'Ljava/lang/Object;Ljava/security/PrivilegedExceptionAction<Ljava/util/List<Ljava/net/URL;>;>;'
 - inner classes:     Array<T>(0x00007ed9d38389b0)
 - nest members:     Array<T>(0x00007ed9d3620cf0)
 - permitted subclasses:     Array<T>(0x00007ed9d3620cf0)
 - java mirror:       a 'java/lang/Class'{0x00000007ffc95fb0} = 'jdk/internal/loader/BuiltinClassLoader$2'
 - vtable length      7  (start addr: 0x00007ed9d3176120)
 - itable length      5 (start addr: 0x00007ed9d3176158)
 - ---- static fields (0 words):
 - ---- non-static fields (2 words):
 - final synthetic 'val$name' 'Ljava/lang/String;' @12 
 - final synthetic 'this$0' 'Ljdk/internal/loader/BuiltinClassLoader;' @16 
 - non-static oop maps: 12-16 
R14=0x00007ed9d38389e0 is pointing into metadata
R15=0x0 is null

Top of Stack: (sp=0x00007eda503fdf48)
0x00007eda503fdf48:   00007eda50a6de0e 00007eda503fdfd0
0x00007eda503fdf58:   00007eda50f1ba1a 00007eda4c028cf0
0x00007eda503fdf68:   00007eda4c028d00 00007eda4c0290d8
0x00007eda503fdf78:   0000000000000000 00000000000003d8
0x00007eda503fdf88:   00007eda4c028d00 00007eda4c028cf0
0x00007eda503fdf98:   0000000000000000 00007eda4c0290d8
0x00007eda503fdfa8:   00007eda4c0285b0 00007ed9d38389e0
0x00007eda503fdfb8:   00007ed9d3175f60 00007ed9d38389e0
0x00007eda503fdfc8:   0000000000000000 00007eda503fe030
0x00007eda503fdfd8:   00007eda50cc18ab 0000000000000000
0x00007eda503fdfe8:   00007ed9d34a34e8 00007ed9d38383e8
0x00007eda503fdff8:   adde0efcf22a6700 00007eda503fe030
0x00007eda503fe008:   00007ed9d3175f60 00007ed9d3175f60
0x00007eda503fe018:   00007eda4c0285b0 0000000000000000
0x00007eda503fe028:   0000000000000000 00007eda503fe0f0
0x00007eda503fe038:   00007eda512614f1 00007eda503fe080
0x00007eda503fe048:   00007eda503fe060 00007eda4c0efc90
0x00007eda503fe058:   00007ed9d347b2d0 00007eda4c0285b0
0x00007eda503fe068:   0000000000000000 00007ed9d3c49f10
0x00007eda503fe078:   00007eda5184f238 00007eda4c0285b0
0x00007eda503fe088:   00007eda4c0290e0 00007eda4c029120
0x00007eda503fe098:   00007eda4c029130 00007eda4c029208
0x00007eda503fe0a8:   00000000000000d8 00007eda503fe2e0
0x00007eda503fe0b8:   00007eda4c0285b0 00007eda4c028cb0
0x00007eda503fe0c8:   00007eda4c0285b0 00007eda4c028cb0
0x00007eda503fe0d8:   0000000000000000 00007eda503fe160
0x00007eda503fe0e8:   00007eda4c028cf0 00007eda503fe1e0
0x00007eda503fe0f8:   00007eda51261b74 00007eda503fe220
0x00007eda503fe108:   00007ed9d3175f60 00007ed900000000
0x00007eda503fe118:   00007ed9d34c9fd0 00000000000003d8
0x00007eda503fe128:   00007eda4c0290d8 00007eda4c028cf0
0x00007eda503fe138:   00007eda4c028d00 00007eda4c028d00 

Instructions: (pc=0x00007eda506cf210)
0x00007eda506cf110:   5c 24 28 48 8b 40 08 48 8b 40 18 48 8b 78 70 48
0x00007eda506cf120:   85 ff 74 09 ff 15 e6 fe 11 01 48 89 c7 48 89 7b
0x00007eda506cf130:   e0 48 83 c4 18 5b 41 5c 41 5d 41 5e 41 5f 5d c3
0x00007eda506cf140:   49 8b 44 24 28 4c 89 e7 4c 89 45 c8 48 8d 58 10
0x00007eda506cf150:   e8 9b 14 4a 00 4c 8b 45 c8 48 39 c3 75 97 48 8b
0x00007eda506cf160:   45 18 4d 63 ed 4c 89 e7 48 8b 00 4a 8d 34 e8 e8
0x00007eda506cf170:   9c 14 4a 00 4c 8b 45 c8 e9 78 ff ff ff 90 66 90
0x00007eda506cf180:   83 ef 04 83 ff 0a 77 0b 48 8d 05 f1 6c e0 00 8b
0x00007eda506cf190:   04 b8 c3 48 8d 05 b6 4e 12 01 55 be 9f 00 00 00
0x00007eda506cf1a0:   48 8d 3d c1 7d da 00 48 8b 00 48 89 e5 c6 00 58
0x00007eda506cf1b0:   e8 eb f1 3b 00 90 66 2e 0f 1f 84 00 00 00 00 00
0x00007eda506cf1c0:   48 8b 47 08 0f b7 50 2a 0f b7 40 2c 8d 44 02 19
0x00007eda506cf1d0:   c3 66 66 66 66 66 66 2e 0f 1f 84 00 00 00 00 00
0x00007eda506cf1e0:   48 8d 05 f9 05 1b 01 48 23 38 0f 94 c0 c3 66 90
0x00007eda506cf1f0:   48 8b 07 c3 66 66 66 2e 0f 1f 84 00 00 00 00 00
0x00007eda506cf200:   48 8b 07 c3 66 66 66 2e 0f 1f 84 00 00 00 00 00
0x00007eda506cf210:   48 8b 07 c3 66 66 66 2e 0f 1f 84 00 00 00 00 00
0x00007eda506cf220:   48 8b 07 c3 66 66 66 2e 0f 1f 84 00 00 00 00 00
0x00007eda506cf230:   48 8b 07 c3 66 66 66 2e 0f 1f 84 00 00 00 00 00
0x00007eda506cf240:   48 8b 07 c3 66 66 66 2e 0f 1f 84 00 00 00 00 00
0x00007eda506cf250:   48 8d 05 79 43 15 01 48 8d 15 67 4b 16 01 55 48
0x00007eda506cf260:   8b 00 80 3a 00 48 89 e5 8b 40 10 74 23 83 f8 05
0x00007eda506cf270:   0f 87 fe 00 00 00 48 8d 15 cf 6b e0 00 48 63 04
0x00007eda506cf280:   82 48 01 d0 ff e0 66 2e 0f 1f 84 00 00 00 00 00
0x00007eda506cf290:   83 f8 05 0f 87 db 00 00 00 48 8d 15 c4 6b e0 00
0x00007eda506cf2a0:   48 63 04 82 48 01 d0 ff e0 0f 1f 80 00 00 00 00
0x00007eda506cf2b0:   48 8d 05 49 03 00 00 48 89 05 52 fd 11 01 5d ff
0x00007eda506cf2c0:   e0 0f 1f 80 00 00 00 00 48 8d 05 21 ff ff ff eb
0x00007eda506cf2d0:   e6 0f 1f 80 00 00 00 00 48 8d 05 21 ff ff ff 5d
0x00007eda506cf2e0:   48 89 05 29 fd 11 01 ff e0 0f 1f 80 00 00 00 00
0x00007eda506cf2f0:   48 8d 05 19 ff ff ff 5d 48 89 05 11 fd 11 01 ff
0x00007eda506cf300:   e0 0f 1f 80 00 00 00 00 48 8d 05 91 04 00 00 eb 


Stack slot to memory mapping:

stack at sp + 0 slots: 0x00007eda50a6de0e: <offset 0x000000000066de0e> in /usr/lib/jvm/jdk-21.0.8-oracle-x64/lib/server/libjvm.so at 0x00007eda50400000
stack at sp + 1 slots: 0x00007eda503fdfd0 is pointing into the stack for thread: 0x00007eda4c0285b0
stack at sp + 2 slots: 0x00007eda50f1ba1a: <offset 0x0000000000b1ba1a> in /usr/lib/jvm/jdk-21.0.8-oracle-x64/lib/server/libjvm.so at 0x00007eda50400000
stack at sp + 3 slots: 0x00007eda4c028cf0 points into unknown readable memory: 0x0000000000000000 | 00 00 00 00 00 00 00 00
stack at sp + 4 slots: 0x00007eda4c028d00 points into unknown readable memory: 0x000000000000000c | 0c 00 00 00 00 00 00 00
stack at sp + 5 slots: 0x00007eda4c0290d8 points into unknown readable memory: 0x0000000000000045 | 45 00 00 00 00 00 00 00
stack at sp + 6 slots: 0x0 is null
stack at sp + 7 slots: 0x00000000000003d8 is an unknown value


---------------  P R O C E S S  ---------------

Threads class SMR info:
_java_thread_list=0x00007eda4c162700, length=10, elements={
0x00007eda4c0285b0, 0x00007eda4c119350, 0x00007eda4c11a8b0, 0x00007eda4c11c030,
0x00007eda4c11d660, 0x00007eda4c11ebf0, 0x00007eda4c120720, 0x00007eda4c121dd0,
0x00007eda4c15de90, 0x00007eda4c161640
}

Java Threads: ( => current thread )
=>0x00007eda4c0285b0 JavaThread "main"                              [_thread_in_vm, id=21545, stack(0x00007eda50300000,0x00007eda50400000) (1024K)]
  0x00007eda4c119350 JavaThread "Reference Handler"          daemon [_thread_blocked, id=21553, stack(0x00007eda282f8000,0x00007eda283f8000) (1024K)]
  0x00007eda4c11a8b0 JavaThread "Finalizer"                  daemon [_thread_blocked, id=21554, stack(0x00007eda281f8000,0x00007eda282f8000) (1024K)]
  0x00007eda4c11c030 JavaThread "Signal Dispatcher"          daemon [_thread_blocked, id=21555, stack(0x00007eda280f8000,0x00007eda281f8000) (1024K)]
  0x00007eda4c11d660 JavaThread "Service Thread"             daemon [_thread_blocked, id=21556, stack(0x00007ed9d2f00000,0x00007ed9d3000000) (1024K)]
  0x00007eda4c11ebf0 JavaThread "Monitor Deflation Thread"   daemon [_thread_blocked, id=21557, stack(0x00007ed9d2b00000,0x00007ed9d2c00000) (1024K)]
  0x00007eda4c120720 JavaThread "C2 CompilerThread0"         daemon [_thread_blocked, id=21558, stack(0x00007ed9d2a00000,0x00007ed9d2b00000) (1024K)]
  0x00007eda4c121dd0 JavaThread "C1 CompilerThread0"         daemon [_thread_blocked, id=21559, stack(0x00007ed9d2900000,0x00007ed9d2a00000) (1024K)]
  0x00007eda4c15de90 JavaThread "Notification Thread"        daemon [_thread_blocked, id=21560, stack(0x00007ed9d2800000,0x00007ed9d2900000) (1024K)]
  0x00007eda4c161640 JavaThread "Common-Cleaner"             daemon [_thread_blocked, id=21561, stack(0x00007ed9d2700000,0x00007ed9d2800000) (1024K)]
Total: 10

Other Threads:
  0x00007eda4c110230 VMThread "VM Thread"                           [id=21552, stack(0x00007eda283f9000,0x00007eda284f9000) (1024K)]
  0x00007eda4c0fe930 WatcherThread "VM Periodic Task Thread"        [id=21551, stack(0x00007eda284fa000,0x00007eda285fa000) (1024K)]
  0x00007eda4c0521b0 WorkerThread "GC Thread#0"                     [id=21546, stack(0x00007eda2ae59000,0x00007eda2af59000) (1024K)]
  0x00007eda4c062a30 ConcurrentGCThread "G1 Main Marker"            [id=21547, stack(0x00007eda2ad58000,0x00007eda2ae58000) (1024K)]
  0x00007eda4c0639d0 WorkerThread "G1 Conc#0"                       [id=21548, stack(0x00007eda2ac57000,0x00007eda2ad57000) (1024K)]
  0x00007eda4c0e3d90 ConcurrentGCThread "G1 Refine#0"               [id=21549, stack(0x00007eda286fc000,0x00007eda287fc000) (1024K)]
  0x00007eda4c0e4d40 ConcurrentGCThread "G1 Service"                [id=21550, stack(0x00007eda285fb000,0x00007eda286fb000) (1024K)]
Total: 7

Threads with active compile tasks:
Total: 0

VM state: not at safepoint (normal execution)

VM Mutex/Monitor currently owned by a thread: None

Heap address: 0x000000061ac00000, size: 7764 MB, Compressed Oops mode: Zero based, Oop shift amount: 3

CDS archive(s) mapped at: [0x00007ed9d3000000-0x00007ed9d3cab000-0x00007ed9d3cab000), size 13283328, SharedBaseAddress: 0x00007ed9d3000000, ArchiveRelocationMode: 1.
Compressed class space mapped at: 0x00007ed9d4000000-0x00007eda14000000, reserved size: 1073741824
Narrow klass base: 0x00007ed9d3000000, Narrow klass shift: 0, Narrow klass range: 0x100000000

GC Precious Log:
 CardTable entry size: 512
 Card Set container configuration: InlinePtr #cards 4 size 8 Array Of Cards #cards 32 size 80 Howl #buckets 8 coarsen threshold 7372 Howl Bitmap #cards 1024 size 144 coarsen threshold 921 Card regions per heap region 1 cards per card region 8192
 CPUs: 4 total, 4 available
 Memory: 31048M
 Large Page Support: Disabled
 NUMA Support: Disabled
 Compressed Oops: Enabled (Zero based)
 Heap Region Size: 4M
 Heap Min Capacity: 8M
 Heap Initial Capacity: 488M
 Heap Max Capacity: 7764M
 Pre-touch: Disabled
 Parallel Workers: 4
 Concurrent Workers: 1
 Concurrent Refinement Workers: 4
 Periodic GC: Disabled

Heap:
 garbage-first heap   total 503808K, used 1078K [0x000000061ac00000, 0x0000000800000000)
  region size 4096K, 1 young (4096K), 0 survivors (0K)
 Metaspace       used 159K, committed 384K, reserved 1114112K
  class space    used 11K, committed 128K, reserved 1048576K

Heap Regions: E=young(eden), S=young(survivor), O=old, HS=humongous(starts), HC=humongous(continues), CS=collection set, F=free, TAMS=top-at-mark-start, PB=parsable bottom
|   0|0x000000061ac00000, 0x000000061ac00000, 0x000000061b000000|  0%| F|  |TAMS 0x000000061ac00000| PB 0x000000061ac00000| Untracked 
|   1|0x000000061b000000, 0x000000061b000000, 0x000000061b400000|  0%| F|  |TAMS 0x000000061b000000| PB 0x000000061b000000| Untracked 
|   2|0x000000061b400000, 0x000000061b400000, 0x000000061b800000|  0%| F|  |TAMS 0x000000061b400000| PB 0x000000061b400000| Untracked 
|   3|0x000000061b800000, 0x000000061b800000, 0x000000061bc00000|  0%| F|  |TAMS 0x000000061b800000| PB 0x000000061b800000| Untracked 
|   4|0x000000061bc00000, 0x000000061bc00000, 0x000000061c000000|  0%| F|  |TAMS 0x000000061bc00000| PB 0x000000061bc00000| Untracked 
|   5|0x000000061c000000, 0x000000061c000000, 0x000000061c400000|  0%| F|  |TAMS 0x000000061c000000| PB 0x000000061c000000| Untracked 
|   6|0x000000061c400000, 0x000000061c400000, 0x000000061c800000|  0%| F|  |TAMS 0x000000061c400000| PB 0x000000061c400000| Untracked 
|   7|0x000000061c800000, 0x000000061c800000, 0x000000061cc00000|  0%| F|  |TAMS 0x000000061c800000| PB 0x000000061c800000| Untracked 
|   8|0x000000061cc00000, 0x000000061cc00000, 0x000000061d000000|  0%| F|  |TAMS 0x000000061cc00000| PB 0x000000061cc00000| Untracked 
|   9|0x000000061d000000, 0x000000061d000000, 0x000000061d400000|  0%| F|  |TAMS 0x000000061d000000| PB 0x000000061d000000| Untracked 
|  10|0x000000061d400000, 0x000000061d400000, 0x000000061d800000|  0%| F|  |TAMS 0x000000061d400000| PB 0x000000061d400000| Untracked 
|  11|0x000000061d800000, 0x000000061d800000, 0x000000061dc00000|  0%| F|  |TAMS 0x000000061d800000| PB 0x000000061d800000| Untracked 
|  12|0x000000061dc00000, 0x000000061dc00000, 0x000000061e000000|  0%| F|  |TAMS 0x000000061dc00000| PB 0x000000061dc00000| Untracked 
|  13|0x000000061e000000, 0x000000061e000000, 0x000000061e400000|  0%| F|  |TAMS 0x000000061e000000| PB 0x000000061e000000| Untracked 
|  14|0x000000061e400000, 0x000000061e400000, 0x000000061e800000|  0%| F|  |TAMS 0x000000061e400000| PB 0x000000061e400000| Untracked 
|  15|0x000000061e800000, 0x000000061e800000, 0x000000061ec00000|  0%| F|  |TAMS 0x000000061e800000| PB 0x000000061e800000| Untracked 
|  16|0x000000061ec00000, 0x000000061ec00000, 0x000000061f000000|  0%| F|  |TAMS 0x000000061ec00000| PB 0x000000061ec00000| Untracked 
|  17|0x000000061f000000, 0x000000061f000000, 0x000000061f400000|  0%| F|  |TAMS 0x000000061f000000| PB 0x000000061f000000| Untracked 
|  18|0x000000061f400000, 0x000000061f400000, 0x000000061f800000|  0%| F|  |TAMS 0x000000061f400000| PB 0x000000061f400000| Untracked 
|  19|0x000000061f800000, 0x000000061f800000, 0x000000061fc00000|  0%| F|  |TAMS 0x000000061f800000| PB 0x000000061f800000| Untracked 
|  20|0x000000061fc00000, 0x000000061fc00000, 0x0000000620000000|  0%| F|  |TAMS 0x000000061fc00000| PB 0x000000061fc00000| Untracked 
|  21|0x0000000620000000, 0x0000000620000000, 0x0000000620400000|  0%| F|  |TAMS 0x0000000620000000| PB 0x0000000620000000| Untracked 
|  22|0x0000000620400000, 0x0000000620400000, 0x0000000620800000|  0%| F|  |TAMS 0x0000000620400000| PB 0x0000000620400000| Untracked 
|  23|0x0000000620800000, 0x0000000620800000, 0x0000000620c00000|  0%| F|  |TAMS 0x0000000620800000| PB 0x0000000620800000| Untracked 
|  24|0x0000000620c00000, 0x0000000620c00000, 0x0000000621000000|  0%| F|  |TAMS 0x0000000620c00000| PB 0x0000000620c00000| Untracked 
|  25|0x0000000621000000, 0x0000000621000000, 0x0000000621400000|  0%| F|  |TAMS 0x0000000621000000| PB 0x0000000621000000| Untracked 
|  26|0x0000000621400000, 0x0000000621400000, 0x0000000621800000|  0%| F|  |TAMS 0x0000000621400000| PB 0x0000000621400000| Untracked 
|  27|0x0000000621800000, 0x0000000621800000, 0x0000000621c00000|  0%| F|  |TAMS 0x0000000621800000| PB 0x0000000621800000| Untracked 
|  28|0x0000000621c00000, 0x0000000621c00000, 0x0000000622000000|  0%| F|  |TAMS 0x0000000621c00000| PB 0x0000000621c00000| Untracked 
|  29|0x0000000622000000, 0x0000000622000000, 0x0000000622400000|  0%| F|  |TAMS 0x0000000622000000| PB 0x0000000622000000| Untracked 
|  30|0x0000000622400000, 0x0000000622400000, 0x0000000622800000|  0%| F|  |TAMS 0x0000000622400000| PB 0x0000000622400000| Untracked 
|  31|0x0000000622800000, 0x0000000622800000, 0x0000000622c00000|  0%| F|  |TAMS 0x0000000622800000| PB 0x0000000622800000| Untracked 
|  32|0x0000000622c00000, 0x0000000622c00000, 0x0000000623000000|  0%| F|  |TAMS 0x0000000622c00000| PB 0x0000000622c00000| Untracked 
|  33|0x0000000623000000, 0x0000000623000000, 0x0000000623400000|  0%| F|  |TAMS 0x0000000623000000| PB 0x0000000623000000| Untracked 
|  34|0x0000000623400000, 0x0000000623400000, 0x0000000623800000|  0%| F|  |TAMS 0x0000000623400000| PB 0x0000000623400000| Untracked 
|  35|0x0000000623800000, 0x0000000623800000, 0x0000000623c00000|  0%| F|  |TAMS 0x0000000623800000| PB 0x0000000623800000| Untracked 
|  36|0x0000000623c00000, 0x0000000623c00000, 0x0000000624000000|  0%| F|  |TAMS 0x0000000623c00000| PB 0x0000000623c00000| Untracked 
|  37|0x0000000624000000, 0x0000000624000000, 0x0000000624400000|  0%| F|  |TAMS 0x0000000624000000| PB 0x0000000624000000| Untracked 
|  38|0x0000000624400000, 0x0000000624400000, 0x0000000624800000|  0%| F|  |TAMS 0x0000000624400000| PB 0x0000000624400000| Untracked 
|  39|0x0000000624800000, 0x0000000624800000, 0x0000000624c00000|  0%| F|  |TAMS 0x0000000624800000| PB 0x0000000624800000| Untracked 
|  40|0x0000000624c00000, 0x0000000624c00000, 0x0000000625000000|  0%| F|  |TAMS 0x0000000624c00000| PB 0x0000000624c00000| Untracked 
|  41|0x0000000625000000, 0x0000000625000000, 0x0000000625400000|  0%| F|  |TAMS 0x0000000625000000| PB 0x0000000625000000| Untracked 
|  42|0x0000000625400000, 0x0000000625400000, 0x0000000625800000|  0%| F|  |TAMS 0x0000000625400000| PB 0x0000000625400000| Untracked 
|  43|0x0000000625800000, 0x0000000625800000, 0x0000000625c00000|  0%| F|  |TAMS 0x0000000625800000| PB 0x0000000625800000| Untracked 
|  44|0x0000000625c00000, 0x0000000625c00000, 0x0000000626000000|  0%| F|  |TAMS 0x0000000625c00000| PB 0x0000000625c00000| Untracked 
|  45|0x0000000626000000, 0x0000000626000000, 0x0000000626400000|  0%| F|  |TAMS 0x0000000626000000| PB 0x0000000626000000| Untracked 
|  46|0x0000000626400000, 0x0000000626400000, 0x0000000626800000|  0%| F|  |TAMS 0x0000000626400000| PB 0x0000000626400000| Untracked 
|  47|0x0000000626800000, 0x0000000626800000, 0x0000000626c00000|  0%| F|  |TAMS 0x0000000626800000| PB 0x0000000626800000| Untracked 
|  48|0x0000000626c00000, 0x0000000626c00000, 0x0000000627000000|  0%| F|  |TAMS 0x0000000626c00000| PB 0x0000000626c00000| Untracked 
|  49|0x0000000627000000, 0x0000000627000000, 0x0000000627400000|  0%| F|  |TAMS 0x0000000627000000| PB 0x0000000627000000| Untracked 
|  50|0x0000000627400000, 0x0000000627400000, 0x0000000627800000|  0%| F|  |TAMS 0x0000000627400000| PB 0x0000000627400000| Untracked 
|  51|0x0000000627800000, 0x0000000627800000, 0x0000000627c00000|  0%| F|  |TAMS 0x0000000627800000| PB 0x0000000627800000| Untracked 
|  52|0x0000000627c00000, 0x0000000627c00000, 0x0000000628000000|  0%| F|  |TAMS 0x0000000627c00000| PB 0x0000000627c00000| Untracked 
|  53|0x0000000628000000, 0x0000000628000000, 0x0000000628400000|  0%| F|  |TAMS 0x0000000628000000| PB 0x0000000628000000| Untracked 
|  54|0x0000000628400000, 0x0000000628400000, 0x0000000628800000|  0%| F|  |TAMS 0x0000000628400000| PB 0x0000000628400000| Untracked 
|  55|0x0000000628800000, 0x0000000628800000, 0x0000000628c00000|  0%| F|  |TAMS 0x0000000628800000| PB 0x0000000628800000| Untracked 
|  56|0x0000000628c00000, 0x0000000628c00000, 0x0000000629000000|  0%| F|  |TAMS 0x0000000628c00000| PB 0x0000000628c00000| Untracked 
|  57|0x0000000629000000, 0x0000000629000000, 0x0000000629400000|  0%| F|  |TAMS 0x0000000629000000| PB 0x0000000629000000| Untracked 
|  58|0x0000000629400000, 0x0000000629400000, 0x0000000629800000|  0%| F|  |TAMS 0x0000000629400000| PB 0x0000000629400000| Untracked 
|  59|0x0000000629800000, 0x0000000629800000, 0x0000000629c00000|  0%| F|  |TAMS 0x0000000629800000| PB 0x0000000629800000| Untracked 
|  60|0x0000000629c00000, 0x0000000629c00000, 0x000000062a000000|  0%| F|  |TAMS 0x0000000629c00000| PB 0x0000000629c00000| Untracked 
|  61|0x000000062a000000, 0x000000062a000000, 0x000000062a400000|  0%| F|  |TAMS 0x000000062a000000| PB 0x000000062a000000| Untracked 
|  62|0x000000062a400000, 0x000000062a400000, 0x000000062a800000|  0%| F|  |TAMS 0x000000062a400000| PB 0x000000062a400000| Untracked 
|  63|0x000000062a800000, 0x000000062a800000, 0x000000062ac00000|  0%| F|  |TAMS 0x000000062a800000| PB 0x000000062a800000| Untracked 
|  64|0x000000062ac00000, 0x000000062ac00000, 0x000000062b000000|  0%| F|  |TAMS 0x000000062ac00000| PB 0x000000062ac00000| Untracked 
|  65|0x000000062b000000, 0x000000062b000000, 0x000000062b400000|  0%| F|  |TAMS 0x000000062b000000| PB 0x000000062b000000| Untracked 
|  66|0x000000062b400000, 0x000000062b400000, 0x000000062b800000|  0%| F|  |TAMS 0x000000062b400000| PB 0x000000062b400000| Untracked 
|  67|0x000000062b800000, 0x000000062b800000, 0x000000062bc00000|  0%| F|  |TAMS 0x000000062b800000| PB 0x000000062b800000| Untracked 
|  68|0x000000062bc00000, 0x000000062bc00000, 0x000000062c000000|  0%| F|  |TAMS 0x000000062bc00000| PB 0x000000062bc00000| Untracked 
|  69|0x000000062c000000, 0x000000062c000000, 0x000000062c400000|  0%| F|  |TAMS 0x000000062c000000| PB 0x000000062c000000| Untracked 
|  70|0x000000062c400000, 0x000000062c400000, 0x000000062c800000|  0%| F|  |TAMS 0x000000062c400000| PB 0x000000062c400000| Untracked 
|  71|0x000000062c800000, 0x000000062c800000, 0x000000062cc00000|  0%| F|  |TAMS 0x000000062c800000| PB 0x000000062c800000| Untracked 
|  72|0x000000062cc00000, 0x000000062cc00000, 0x000000062d000000|  0%| F|  |TAMS 0x000000062cc00000| PB 0x000000062cc00000| Untracked 
|  73|0x000000062d000000, 0x000000062d000000, 0x000000062d400000|  0%| F|  |TAMS 0x000000062d000000| PB 0x000000062d000000| Untracked 
|  74|0x000000062d400000, 0x000000062d400000, 0x000000062d800000|  0%| F|  |TAMS 0x000000062d400000| PB 0x000000062d400000| Untracked 
|  75|0x000000062d800000, 0x000000062d800000, 0x000000062dc00000|  0%| F|  |TAMS 0x000000062d800000| PB 0x000000062d800000| Untracked 
|  76|0x000000062dc00000, 0x000000062dc00000, 0x000000062e000000|  0%| F|  |TAMS 0x000000062dc00000| PB 0x000000062dc00000| Untracked 
|  77|0x000000062e000000, 0x000000062e000000, 0x000000062e400000|  0%| F|  |TAMS 0x000000062e000000| PB 0x000000062e000000| Untracked 
|  78|0x000000062e400000, 0x000000062e400000, 0x000000062e800000|  0%| F|  |TAMS 0x000000062e400000| PB 0x000000062e400000| Untracked 
|  79|0x000000062e800000, 0x000000062e800000, 0x000000062ec00000|  0%| F|  |TAMS 0x000000062e800000| PB 0x000000062e800000| Untracked 
|  80|0x000000062ec00000, 0x000000062ec00000, 0x000000062f000000|  0%| F|  |TAMS 0x000000062ec00000| PB 0x000000062ec00000| Untracked 
|  81|0x000000062f000000, 0x000000062f000000, 0x000000062f400000|  0%| F|  |TAMS 0x000000062f000000| PB 0x000000062f000000| Untracked 
|  82|0x000000062f400000, 0x000000062f400000, 0x000000062f800000|  0%| F|  |TAMS 0x000000062f400000| PB 0x000000062f400000| Untracked 
|  83|0x000000062f800000, 0x000000062f800000, 0x000000062fc00000|  0%| F|  |TAMS 0x000000062f800000| PB 0x000000062f800000| Untracked 
|  84|0x000000062fc00000, 0x000000062fc00000, 0x0000000630000000|  0%| F|  |TAMS 0x000000062fc00000| PB 0x000000062fc00000| Untracked 
|  85|0x0000000630000000, 0x0000000630000000, 0x0000000630400000|  0%| F|  |TAMS 0x0000000630000000| PB 0x0000000630000000| Untracked 
|  86|0x0000000630400000, 0x0000000630400000, 0x0000000630800000|  0%| F|  |TAMS 0x0000000630400000| PB 0x0000000630400000| Untracked 
|  87|0x0000000630800000, 0x0000000630800000, 0x0000000630c00000|  0%| F|  |TAMS 0x0000000630800000| PB 0x0000000630800000| Untracked 
|  88|0x0000000630c00000, 0x0000000630c00000, 0x0000000631000000|  0%| F|  |TAMS 0x0000000630c00000| PB 0x0000000630c00000| Untracked 
|  89|0x0000000631000000, 0x0000000631000000, 0x0000000631400000|  0%| F|  |TAMS 0x0000000631000000| PB 0x0000000631000000| Untracked 
|  90|0x0000000631400000, 0x0000000631400000, 0x0000000631800000|  0%| F|  |TAMS 0x0000000631400000| PB 0x0000000631400000| Untracked 
|  91|0x0000000631800000, 0x0000000631800000, 0x0000000631c00000|  0%| F|  |TAMS 0x0000000631800000| PB 0x0000000631800000| Untracked 
|  92|0x0000000631c00000, 0x0000000631c00000, 0x0000000632000000|  0%| F|  |TAMS 0x0000000631c00000| PB 0x0000000631c00000| Untracked 
|  93|0x0000000632000000, 0x0000000632000000, 0x0000000632400000|  0%| F|  |TAMS 0x0000000632000000| PB 0x0000000632000000| Untracked 
|  94|0x0000000632400000, 0x0000000632400000, 0x0000000632800000|  0%| F|  |TAMS 0x0000000632400000| PB 0x0000000632400000| Untracked 
|  95|0x0000000632800000, 0x0000000632800000, 0x0000000632c00000|  0%| F|  |TAMS 0x0000000632800000| PB 0x0000000632800000| Untracked 
|  96|0x0000000632c00000, 0x0000000632c00000, 0x0000000633000000|  0%| F|  |TAMS 0x0000000632c00000| PB 0x0000000632c00000| Untracked 
|  97|0x0000000633000000, 0x0000000633000000, 0x0000000633400000|  0%| F|  |TAMS 0x0000000633000000| PB 0x0000000633000000| Untracked 
|  98|0x0000000633400000, 0x0000000633400000, 0x0000000633800000|  0%| F|  |TAMS 0x0000000633400000| PB 0x0000000633400000| Untracked 
|  99|0x0000000633800000, 0x0000000633800000, 0x0000000633c00000|  0%| F|  |TAMS 0x0000000633800000| PB 0x0000000633800000| Untracked 
| 100|0x0000000633c00000, 0x0000000633c00000, 0x0000000634000000|  0%| F|  |TAMS 0x0000000633c00000| PB 0x0000000633c00000| Untracked 
| 101|0x0000000634000000, 0x0000000634000000, 0x0000000634400000|  0%| F|  |TAMS 0x0000000634000000| PB 0x0000000634000000| Untracked 
| 102|0x0000000634400000, 0x0000000634400000, 0x0000000634800000|  0%| F|  |TAMS 0x0000000634400000| PB 0x0000000634400000| Untracked 
| 103|0x0000000634800000, 0x0000000634800000, 0x0000000634c00000|  0%| F|  |TAMS 0x0000000634800000| PB 0x0000000634800000| Untracked 
| 104|0x0000000634c00000, 0x0000000634c00000, 0x0000000635000000|  0%| F|  |TAMS 0x0000000634c00000| PB 0x0000000634c00000| Untracked 
| 105|0x0000000635000000, 0x0000000635000000, 0x0000000635400000|  0%| F|  |TAMS 0x0000000635000000| PB 0x0000000635000000| Untracked 
| 106|0x0000000635400000, 0x0000000635400000, 0x0000000635800000|  0%| F|  |TAMS 0x0000000635400000| PB 0x0000000635400000| Untracked 
| 107|0x0000000635800000, 0x0000000635800000, 0x0000000635c00000|  0%| F|  |TAMS 0x0000000635800000| PB 0x0000000635800000| Untracked 
| 108|0x0000000635c00000, 0x0000000635c00000, 0x0000000636000000|  0%| F|  |TAMS 0x0000000635c00000| PB 0x0000000635c00000| Untracked 
| 109|0x0000000636000000, 0x0000000636000000, 0x0000000636400000|  0%| F|  |TAMS 0x0000000636000000| PB 0x0000000636000000| Untracked 
| 110|0x0000000636400000, 0x0000000636400000, 0x0000000636800000|  0%| F|  |TAMS 0x0000000636400000| PB 0x0000000636400000| Untracked 
| 111|0x0000000636800000, 0x0000000636800000, 0x0000000636c00000|  0%| F|  |TAMS 0x0000000636800000| PB 0x0000000636800000| Untracked 
| 112|0x0000000636c00000, 0x0000000636c00000, 0x0000000637000000|  0%| F|  |TAMS 0x0000000636c00000| PB 0x0000000636c00000| Untracked 
| 113|0x0000000637000000, 0x0000000637000000, 0x0000000637400000|  0%| F|  |TAMS 0x0000000637000000| PB 0x0000000637000000| Untracked 
| 114|0x0000000637400000, 0x0000000637400000, 0x0000000637800000|  0%| F|  |TAMS 0x0000000637400000| PB 0x0000000637400000| Untracked 
| 115|0x0000000637800000, 0x0000000637800000, 0x0000000637c00000|  0%| F|  |TAMS 0x0000000637800000| PB 0x0000000637800000| Untracked 
| 116|0x0000000637c00000, 0x0000000637c00000, 0x0000000638000000|  0%| F|  |TAMS 0x0000000637c00000| PB 0x0000000637c00000| Untracked 
| 117|0x0000000638000000, 0x0000000638000000, 0x0000000638400000|  0%| F|  |TAMS 0x0000000638000000| PB 0x0000000638000000| Untracked 
| 118|0x0000000638400000, 0x0000000638400000, 0x0000000638800000|  0%| F|  |TAMS 0x0000000638400000| PB 0x0000000638400000| Untracked 
| 119|0x0000000638800000, 0x0000000638800000, 0x0000000638c00000|  0%| F|  |TAMS 0x0000000638800000| PB 0x0000000638800000| Untracked 
| 120|0x0000000638c00000, 0x0000000638c00000, 0x0000000639000000|  0%| F|  |TAMS 0x0000000638c00000| PB 0x0000000638c00000| Untracked 
| 121|0x0000000639000000, 0x00000006391eb880, 0x0000000639400000| 48%| E|  |TAMS 0x0000000639000000| PB 0x0000000639000000| Complete 
|1940|0x00000007ffc00000, 0x00000007ffd0d968, 0x0000000800000000| 26%| O|  |TAMS 0x00000007ffc00000| PB 0x00000007ffc00000| Untracked 

Card table byte_map: [0x00007eda328a9000,0x00007eda337d3000] _byte_map_base: 0x00007eda2f7d3000

Marking Bits: (CMBitMap*) 0x00007eda4c052cd0
 Bits: [0x00007eda2af59000, 0x00007eda328a9000)

Polling page: 0x00007eda51d43000

Metaspace:

Usage:
  Non-class:    147,93 KB used.
      Class:     11,66 KB used.
       Both:    159,59 KB used.

Virtual space:
  Non-class space:       64,00 MB reserved,     256,00 KB ( <1%) committed,  1 nodes.
      Class space:        1,00 GB reserved,     128,00 KB ( <1%) committed,  1 nodes.
             Both:        1,06 GB reserved,     384,00 KB ( <1%) committed. 

Chunk freelists:
   Non-Class:  11,99 MB
       Class:  15,75 MB
        Both:  27,74 MB

MaxMetaspaceSize: unlimited
CompressedClassSpaceSize: 1,00 GB
Initial GC threshold: 21,00 MB
Current GC threshold: 21,00 MB
CDS: on
 - commit_granule_bytes: 65536.
 - commit_granule_words: 8192.
 - virtual_space_node_default_size: 8388608.
 - enlarge_chunks_in_place: 1.
 - use_allocation_guard: 0.


Internal statistics:

num_allocs_failed_limit: 0.
num_arena_births: 4.
num_arena_deaths: 0.
num_vsnodes_births: 2.
num_vsnodes_deaths: 0.
num_space_committed: 6.
num_space_uncommitted: 0.
num_chunks_returned_to_freelist: 0.
num_chunks_taken_from_freelist: 6.
num_chunk_merges: 0.
num_chunk_splits: 4.
num_chunks_enlarged: 1.
num_inconsistent_stats: 0.

CodeHeap 'non-profiled nmethods': size=120032Kb used=2Kb max_used=2Kb free=120029Kb
 bounds [0x00007eda3c4c8000, 0x00007eda3c738000, 0x00007eda43a00000]
CodeHeap 'profiled nmethods': size=120028Kb used=16Kb max_used=16Kb free=120011Kb
 bounds [0x00007eda34a00000, 0x00007eda34c70000, 0x00007eda3bf37000]
CodeHeap 'non-nmethods': size=5700Kb used=1190Kb max_used=1190Kb free=4509Kb
 bounds [0x00007eda3bf37000, 0x00007eda3c1a7000, 0x00007eda3c4c8000]
 total_blobs=349 nmethods=17 adapters=240
 compilation: enabled
              stopped_count=0, restarted_count=0
 full_count=0

Compilation events (20 events):
Event: 0,058 Thread 0x00007eda4c121dd0    7       3       java.lang.String::hashCode (60 bytes)
Event: 0,059 Thread 0x00007eda4c121dd0 nmethod 7 0x00007eda34a01790 code [0x00007eda34a01960, 0x00007eda34a01cb8]
Event: 0,060 Thread 0x00007eda4c121dd0    8       3       java.util.zip.ZipUtils::SH (21 bytes)
Event: 0,062 Thread 0x00007eda4c121dd0 nmethod 8 0x00007eda34a01d90 code [0x00007eda34a01f20, 0x00007eda34a02060]
Event: 0,064 Thread 0x00007eda4c121dd0    9       3       java.lang.String::length (11 bytes)
Event: 0,064 Thread 0x00007eda4c121dd0 nmethod 9 0x00007eda34a02190 code [0x00007eda34a02340, 0x00007eda34a024e0]
Event: 0,069 Thread 0x00007eda4c121dd0   11       3       java.util.concurrent.ConcurrentHashMap::tabAt (22 bytes)
Event: 0,070 Thread 0x00007eda4c121dd0 nmethod 11 0x00007eda34a02590 code [0x00007eda34a02740, 0x00007eda34a02a28]
Event: 0,070 Thread 0x00007eda4c121dd0   12       3       jdk.internal.misc.Unsafe::getReferenceAcquire (7 bytes)
Event: 0,070 Thread 0x00007eda4c121dd0 nmethod 12 0x00007eda34a02b10 code [0x00007eda34a02ca0, 0x00007eda34a02e00]
Event: 0,070 Thread 0x00007eda4c121dd0   13       3       jdk.internal.util.ArraysSupport::signedHashCode (37 bytes)
Event: 0,071 Thread 0x00007eda4c121dd0 nmethod 13 0x00007eda34a02e90 code [0x00007eda34a03040, 0x00007eda34a03208]
Event: 0,072 Thread 0x00007eda4c121dd0   14       3       java.lang.StringLatin1::canEncode (13 bytes)
Event: 0,072 Thread 0x00007eda4c121dd0 nmethod 14 0x00007eda34a03310 code [0x00007eda34a034a0, 0x00007eda34a035e0]
Event: 0,072 Thread 0x00007eda4c121dd0   15       3       java.lang.Math::min (11 bytes)
Event: 0,073 Thread 0x00007eda4c121dd0 nmethod 15 0x00007eda34a03690 code [0x00007eda34a03820, 0x00007eda34a03950]
Event: 0,073 Thread 0x00007eda4c121dd0   16       3       java.lang.Math::max (11 bytes)
Event: 0,073 Thread 0x00007eda4c121dd0 nmethod 16 0x00007eda34a03a10 code [0x00007eda34a03ba0, 0x00007eda34a03cd0]
Event: 0,073 Thread 0x00007eda4c121dd0   17       3       java.lang.AbstractStringBuilder::ensureCapacityInternal (39 bytes)
Event: 0,073 Thread 0x00007eda4c121dd0 nmethod 17 0x00007eda34a03d90 code [0x00007eda34a03f40, 0x00007eda34a04178]

GC Heap History (0 events):
No events

Dll operation events (4 events):
Event: 0,002 Loaded shared library /usr/lib/jvm/jdk-21.0.8-oracle-x64/lib/libjava.so
Event: 0,043 Loaded shared library /usr/lib/jvm/jdk-21.0.8-oracle-x64/lib/libjsvml.so
Event: 0,058 Loaded shared library /usr/lib/jvm/jdk-21.0.8-oracle-x64/lib/libnio.so
Event: 0,064 Loaded shared library /usr/lib/jvm/jdk-21.0.8-oracle-x64/lib/libzip.so

Deoptimization events (0 events):
No events

Classes loaded (14 events):
Event: 0,037 Loading class sun/nio/cs/UTF_8$Encoder
Event: 0,037 Loading class sun/nio/cs/UTF_8$Encoder done
Event: 0,051 Loading class sun/nio/cs/UTF_8$Decoder
Event: 0,051 Loading class java/nio/charset/CharsetDecoder
Event: 0,051 Loading class java/nio/charset/CharsetDecoder done
Event: 0,051 Loading class sun/nio/cs/UTF_8$Decoder done
Event: 0,071 Loading class java/net/URISyntaxException
Event: 0,071 Loading class java/net/URISyntaxException done
Event: 0,071 Loading class java/lang/IllegalStateException
Event: 0,071 Loading class java/lang/IllegalStateException done
Event: 0,073 Loading class java/util/regex/Pattern$BnM
Event: 0,073 Loading class java/util/regex/Pattern$BnM done
Event: 0,073 Loading class java/util/regex/Pattern$SliceS
Event: 0,073 Loading class java/util/regex/Pattern$SliceS done

Classes unloaded (0 events):
No events

Classes redefined (0 events):
No events

Internal exceptions (0 events):
No events

ZGC Phase Switch (0 events):
No events

VM Operations (0 events):
No events

Events (20 events):
Event: 0,002 Protecting memory [0x00007eda50300000,0x00007eda50304000] with protection modes 0
Event: 0,024 Thread 0x00007eda4c0285b0 Thread added: 0x00007eda4c0285b0
Event: 0,039 Thread 0x00007eda4c119350 Thread added: 0x00007eda4c119350
Event: 0,039 Protecting memory [0x00007eda282f8000,0x00007eda282fc000] with protection modes 0
Event: 0,039 Thread 0x00007eda4c11a8b0 Thread added: 0x00007eda4c11a8b0
Event: 0,040 Protecting memory [0x00007eda281f8000,0x00007eda281fc000] with protection modes 0
Event: 0,040 Thread 0x00007eda4c11c030 Thread added: 0x00007eda4c11c030
Event: 0,040 Protecting memory [0x00007eda280f8000,0x00007eda280fc000] with protection modes 0
Event: 0,041 Thread 0x00007eda4c11d660 Thread added: 0x00007eda4c11d660
Event: 0,041 Protecting memory [0x00007ed9d2f00000,0x00007ed9d2f04000] with protection modes 0
Event: 0,041 Thread 0x00007eda4c11ebf0 Thread added: 0x00007eda4c11ebf0
Event: 0,041 Protecting memory [0x00007ed9d2b00000,0x00007ed9d2b04000] with protection modes 0
Event: 0,041 Thread 0x00007eda4c120720 Thread added: 0x00007eda4c120720
Event: 0,041 Protecting memory [0x00007ed9d2a00000,0x00007ed9d2a04000] with protection modes 0
Event: 0,041 Thread 0x00007eda4c121dd0 Thread added: 0x00007eda4c121dd0
Event: 0,041 Protecting memory [0x00007ed9d2900000,0x00007ed9d2904000] with protection modes 0
Event: 0,048 Thread 0x00007eda4c15de90 Thread added: 0x00007eda4c15de90
Event: 0,051 Protecting memory [0x00007ed9d2800000,0x00007ed9d2804000] with protection modes 0
Event: 0,054 Thread 0x00007eda4c161640 Thread added: 0x00007eda4c161640
Event: 0,054 Protecting memory [0x00007ed9d2700000,0x00007ed9d2704000] with protection modes 0


Dynamic libraries:
61ac00000-639400000 rw-p 00000000 00:00 0 
639400000-7ffc00000 ---p 00000000 00:00 0 
7ffc00000-7ffd0e000 rw-p 00ceb000 08:06 1216234                          /usr/lib/jvm/jdk-21.0.8-oracle-x64/lib/server/classes.jsa
7ffd0e000-800000000 rw-p 00000000 00:00 0 
65518c355000-65518c356000 r-xp 00000000 08:06 1215943                    /usr/lib/jvm/jdk-21.0.8-oracle-x64/bin/java
65518c357000-65518c358000 r--p 00001000 08:06 1215943                    /usr/lib/jvm/jdk-21.0.8-oracle-x64/bin/java
65518c358000-65518c359000 rw-p 00002000 08:06 1215943                    /usr/lib/jvm/jdk-21.0.8-oracle-x64/bin/java
655191c94000-655191cdb000 rw-p 00000000 00:00 0                          [heap]
7ed9a0000000-7ed9a0021000 rw-p 00000000 00:00 0 
7ed9a0021000-7ed9a4000000 ---p 00000000 00:00 0 
7ed9a4000000-7ed9a4021000 rw-p 00000000 00:00 0 
7ed9a4021000-7ed9a8000000 ---p 00000000 00:00 0 
7ed9a8000000-7ed9a8047000 rw-p 00000000 00:00 0 
7ed9a8047000-7ed9ac000000 ---p 00000000 00:00 0 
7ed9ac000000-7ed9ac021000 rw-p 00000000 00:00 0 
7ed9ac021000-7ed9b0000000 ---p 00000000 00:00 0 
7ed9b0000000-7ed9b0021000 rw-p 00000000 00:00 0 
7ed9b0021000-7ed9b4000000 ---p 00000000 00:00 0 
7ed9b4000000-7ed9b4021000 rw-p 00000000 00:00 0 
7ed9b4021000-7ed9b8000000 ---p 00000000 00:00 0 
7ed9b8000000-7ed9b8021000 rw-p 00000000 00:00 0 
7ed9b8021000-7ed9bc000000 ---p 00000000 00:00 0 
7ed9bc000000-7ed9bc021000 rw-p 00000000 00:00 0 
7ed9bc021000-7ed9c0000000 ---p 00000000 00:00 0 
7ed9c0000000-7ed9c0021000 rw-p 00000000 00:00 0 
7ed9c0021000-7ed9c4000000 ---p 00000000 00:00 0 
7ed9c4000000-7ed9c4021000 rw-p 00000000 00:00 0 
7ed9c4021000-7ed9c8000000 ---p 00000000 00:00 0 
7ed9c8000000-7ed9c8030000 rw-p 00000000 00:00 0 
7ed9c8030000-7ed9c8400000 ---p 00000000 00:00 0 
7ed9c8400000-7ed9c8410000 rw-p 00000000 00:00 0 
7ed9c8410000-7ed9cc000000 ---p 00000000 00:00 0 
7ed9cc000000-7ed9cc021000 rw-p 00000000 00:00 0 
7ed9cc021000-7ed9d0000000 ---p 00000000 00:00 0 
7ed9d22ce000-7ed9d2700000 rw-p 00000000 00:00 0 
7ed9d2700000-7ed9d2704000 ---p 00000000 00:00 0 
7ed9d2704000-7ed9d2800000 rw-p 00000000 00:00 0 
7ed9d2800000-7ed9d2804000 ---p 00000000 00:00 0 
7ed9d2804000-7ed9d2900000 rw-p 00000000 00:00 0 
7ed9d2900000-7ed9d2904000 ---p 00000000 00:00 0 
7ed9d2904000-7ed9d2a00000 rw-p 00000000 00:00 0 
7ed9d2a00000-7ed9d2a04000 ---p 00000000 00:00 0 
7ed9d2a04000-7ed9d2b00000 rw-p 00000000 00:00 0 
7ed9d2b00000-7ed9d2b04000 ---p 00000000 00:00 0 
7ed9d2b04000-7ed9d2c00000 rw-p 00000000 00:00 0 
7ed9d2c00000-7ed9d2f00000 r--p 00000000 08:06 788965                     /usr/lib/locale/locale-archive
7ed9d2f00000-7ed9d2f04000 ---p 00000000 00:00 0 
7ed9d2f04000-7ed9d3000000 rw-p 00000000 00:00 0 
7ed9d3000000-7ed9d3cab000 rw-p 00001000 08:06 1216234                    /usr/lib/jvm/jdk-21.0.8-oracle-x64/lib/server/classes.jsa
7ed9d3cab000-7ed9d4000000 ---p 00000000 00:00 0 
7ed9d4000000-7ed9d4010000 rw-p 00000000 00:00 0 
7ed9d4010000-7ed9d4040000 ---p 00000000 00:00 0 
7ed9d4040000-7ed9d4050000 rw-p 00000000 00:00 0 
7ed9d4050000-7eda14000000 ---p 00000000 00:00 0 
7eda14000000-7eda14021000 rw-p 00000000 00:00 0 
7eda14021000-7eda18000000 ---p 00000000 00:00 0 
7eda18000000-7eda18021000 rw-p 00000000 00:00 0 
7eda18021000-7eda1c000000 ---p 00000000 00:00 0 
7eda1c000000-7eda1c021000 rw-p 00000000 00:00 0 
7eda1c021000-7eda20000000 ---p 00000000 00:00 0 
7eda20000000-7eda20021000 rw-p 00000000 00:00 0 
7eda20021000-7eda24000000 ---p 00000000 00:00 0 
7eda24000000-7eda24021000 rw-p 00000000 00:00 0 
7eda24021000-7eda28000000 ---p 00000000 00:00 0 
7eda28025000-7eda280f3000 r-xp 00000000 08:06 1216208                    /usr/lib/jvm/jdk-21.0.8-oracle-x64/lib/libjsvml.so
7eda280f3000-7eda280f4000 r--p 000cd000 08:06 1216208                    /usr/lib/jvm/jdk-21.0.8-oracle-x64/lib/libjsvml.so
7eda280f4000-7eda280f5000 rw-p 000ce000 08:06 1216208                    /usr/lib/jvm/jdk-21.0.8-oracle-x64/lib/libjsvml.so
7eda280f8000-7eda280fc000 ---p 00000000 00:00 0 
7eda280fc000-7eda281f8000 rw-p 00000000 00:00 0 
7eda281f8000-7eda281fc000 ---p 00000000 00:00 0 
7eda281fc000-7eda282f8000 rw-p 00000000 00:00 0 
7eda282f8000-7eda282fc000 ---p 00000000 00:00 0 
7eda282fc000-7eda283f8000 rw-p 00000000 00:00 0 
7eda283f8000-7eda283f9000 ---p 00000000 00:00 0 
7eda283f9000-7eda284f9000 rw-p 00000000 00:00 0 
7eda284f9000-7eda284fa000 ---p 00000000 00:00 0 
7eda284fa000-7eda285fa000 rw-p 00000000 00:00 0 
7eda285fa000-7eda285fb000 ---p 00000000 00:00 0 
7eda285fb000-7eda286fb000 rw-p 00000000 00:00 0 
7eda286fb000-7eda286fc000 ---p 00000000 00:00 0 
7eda286fc000-7eda287fc000 rw-p 00000000 00:00 0 
7eda287fc000-7eda2ac00000 rw-p 00000000 00:00 0 
7eda2ac4d000-7eda2ac54000 r--s 00000000 08:06 788898                     /usr/lib/x86_64-linux-gnu/gconv/gconv-modules.cache
7eda2ac56000-7eda2ac57000 ---p 00000000 00:00 0 
7eda2ac57000-7eda2ad57000 rw-p 00000000 00:00 0 
7eda2ad57000-7eda2ad58000 ---p 00000000 00:00 0 
7eda2ad58000-7eda2ae58000 rw-p 00000000 00:00 0 
7eda2ae58000-7eda2ae59000 ---p 00000000 00:00 0 
7eda2ae59000-7eda2af59000 rw-p 00000000 00:00 0 
7eda2af59000-7eda2b6f9000 rw-p 00000000 00:00 0 
7eda2b6f9000-7eda32899000 ---p 00000000 00:00 0 
7eda32899000-7eda3299d000 rw-p 00000000 00:00 0 
7eda3299d000-7eda337d1000 ---p 00000000 00:00 0 
7eda337d1000-7eda338c7000 rw-p 00000000 00:00 0 
7eda338c7000-7eda346fb000 ---p 00000000 00:00 0 
7eda346fb000-7eda34a00000 rw-p 00000000 00:00 0 
7eda34a00000-7eda34c70000 rwxp 00000000 00:00 0 
7eda34c70000-7eda3bf37000 ---p 00000000 00:00 0 
7eda3bf37000-7eda3c1a7000 rwxp 00000000 00:00 0 
7eda3c1a7000-7eda3c4c8000 ---p 00000000 00:00 0 
7eda3c4c8000-7eda3c738000 rwxp 00000000 00:00 0 
7eda3c738000-7eda43a00000 ---p 00000000 00:00 0 
7eda43a00000-7eda4bf08000 r--s 00000000 08:06 1216225                    /usr/lib/jvm/jdk-21.0.8-oracle-x64/lib/modules
7eda4bf15000-7eda4bf20000 r-xp 00000000 08:06 1216215                    /usr/lib/jvm/jdk-21.0.8-oracle-x64/lib/libnet.so
7eda4bf20000-7eda4bf21000 ---p 0000b000 08:06 1216215                    /usr/lib/jvm/jdk-21.0.8-oracle-x64/lib/libnet.so
7eda4bf21000-7eda4bf22000 r--p 0000b000 08:06 1216215                    /usr/lib/jvm/jdk-21.0.8-oracle-x64/lib/libnet.so
7eda4bf22000-7eda4bf23000 rw-p 0000c000 08:06 1216215                    /usr/lib/jvm/jdk-21.0.8-oracle-x64/lib/libnet.so
7eda4bf24000-7eda4c19e000 rw-p 00000000 00:00 0 
7eda4c19e000-7eda50000000 ---p 00000000 00:00 0 
7eda5000d000-7eda50020000 r-xp 00000000 08:06 1216216                    /usr/lib/jvm/jdk-21.0.8-oracle-x64/lib/libnio.so
7eda50020000-7eda50021000 ---p 00013000 08:06 1216216                    /usr/lib/jvm/jdk-21.0.8-oracle-x64/lib/libnio.so
7eda50021000-7eda50022000 r--p 00013000 08:06 1216216                    /usr/lib/jvm/jdk-21.0.8-oracle-x64/lib/libnio.so
7eda50022000-7eda50023000 rw-p 00014000 08:06 1216216                    /usr/lib/jvm/jdk-21.0.8-oracle-x64/lib/libnio.so
7eda50029000-7eda5012f000 rw-p 00000000 00:00 0 
7eda5012f000-7eda50215000 ---p 00000000 00:00 0 
7eda50215000-7eda5021a000 rw-p 00000000 00:00 0 
7eda5021a000-7eda50300000 ---p 00000000 00:00 0 
7eda50300000-7eda50304000 ---p 00000000 00:00 0 
7eda50304000-7eda50400000 rw-p 00000000 00:00 0 
7eda50400000-7eda5171d000 r-xp 00000000 08:06 1216237                    /usr/lib/jvm/jdk-21.0.8-oracle-x64/lib/server/libjvm.so
7eda5171d000-7eda5171e000 ---p 0131d000 08:06 1216237                    /usr/lib/jvm/jdk-21.0.8-oracle-x64/lib/server/libjvm.so
7eda5171e000-7eda517ef000 r--p 0131d000 08:06 1216237                    /usr/lib/jvm/jdk-21.0.8-oracle-x64/lib/server/libjvm.so
7eda517ef000-7eda5181d000 rw-p 013ee000 08:06 1216237                    /usr/lib/jvm/jdk-21.0.8-oracle-x64/lib/server/libjvm.so
7eda5181d000-7eda51883000 rw-p 00000000 00:00 0 
7eda5188d000-7eda51894000 r-xp 00000000 08:06 1216224                    /usr/lib/jvm/jdk-21.0.8-oracle-x64/lib/libzip.so
7eda51894000-7eda51895000 ---p 00007000 08:06 1216224                    /usr/lib/jvm/jdk-21.0.8-oracle-x64/lib/libzip.so
7eda51895000-7eda51896000 r--p 00007000 08:06 1216224                    /usr/lib/jvm/jdk-21.0.8-oracle-x64/lib/libzip.so
7eda51896000-7eda51897000 rw-p 00008000 08:06 1216224                    /usr/lib/jvm/jdk-21.0.8-oracle-x64/lib/libzip.so
7eda51897000-7eda51915000 rw-p 00000000 00:00 0 
7eda51915000-7eda51925000 r--p 00000000 08:06 788912                     /usr/lib/x86_64-linux-gnu/libm.so.6
7eda51925000-7eda519a4000 r-xp 00010000 08:06 788912                     /usr/lib/x86_64-linux-gnu/libm.so.6
7eda519a4000-7eda519fc000 r--p 0008f000 08:06 788912                     /usr/lib/x86_64-linux-gnu/libm.so.6
7eda519fc000-7eda519fd000 r--p 000e7000 08:06 788912                     /usr/lib/x86_64-linux-gnu/libm.so.6
7eda519fd000-7eda519fe000 rw-p 000e8000 08:06 788912                     /usr/lib/x86_64-linux-gnu/libm.so.6
7eda51a00000-7eda51a28000 r--p 00000000 08:06 788909                     /usr/lib/x86_64-linux-gnu/libc.so.6
7eda51a28000-7eda51bb0000 r-xp 00028000 08:06 788909                     /usr/lib/x86_64-linux-gnu/libc.so.6
7eda51bb0000-7eda51bff000 r--p 001b0000 08:06 788909                     /usr/lib/x86_64-linux-gnu/libc.so.6
7eda51bff000-7eda51c03000 r--p 001fe000 08:06 788909                     /usr/lib/x86_64-linux-gnu/libc.so.6
7eda51c03000-7eda51c05000 rw-p 00202000 08:06 788909                     /usr/lib/x86_64-linux-gnu/libc.so.6
7eda51c05000-7eda51c12000 rw-p 00000000 00:00 0 
7eda51c13000-7eda51c96000 rw-p 00000000 00:00 0 
7eda51c96000-7eda51c9d000 ---p 00000000 00:00 0 
7eda51c9d000-7eda51cbd000 r-xp 00000000 08:06 1216200                    /usr/lib/jvm/jdk-21.0.8-oracle-x64/lib/libjava.so
7eda51cbd000-7eda51cbe000 ---p 00020000 08:06 1216200                    /usr/lib/jvm/jdk-21.0.8-oracle-x64/lib/libjava.so
7eda51cbe000-7eda51cbf000 r--p 00020000 08:06 1216200                    /usr/lib/jvm/jdk-21.0.8-oracle-x64/lib/libjava.so
7eda51cbf000-7eda51cc0000 rw-p 00021000 08:06 1216200                    /usr/lib/jvm/jdk-21.0.8-oracle-x64/lib/libjava.so
7eda51cc0000-7eda51cc1000 rw-p 00000000 00:00 0 
7eda51cc5000-7eda51ccd000 rw-s 00000000 08:06 7995467                    /tmp/hsperfdata_tztyfrank/21537
7eda51ccd000-7eda51ceb000 r-xp 00000000 08:06 1216204                    /usr/lib/jvm/jdk-21.0.8-oracle-x64/lib/libjimage.so
7eda51ceb000-7eda51ced000 r--p 0001d000 08:06 1216204                    /usr/lib/jvm/jdk-21.0.8-oracle-x64/lib/libjimage.so
7eda51ced000-7eda51cee000 rw-p 0001f000 08:06 1216204                    /usr/lib/jvm/jdk-21.0.8-oracle-x64/lib/libjimage.so
7eda51cf5000-7eda51cf6000 r--p 00000000 08:06 788911                     /usr/lib/x86_64-linux-gnu/libdl.so.2
7eda51cf6000-7eda51cf7000 r-xp 00001000 08:06 788911                     /usr/lib/x86_64-linux-gnu/libdl.so.2
7eda51cf7000-7eda51cf8000 r--p 00002000 08:06 788911                     /usr/lib/x86_64-linux-gnu/libdl.so.2
7eda51cf8000-7eda51cf9000 r--p 00002000 08:06 788911                     /usr/lib/x86_64-linux-gnu/libdl.so.2
7eda51cf9000-7eda51cfa000 rw-p 00003000 08:06 788911                     /usr/lib/x86_64-linux-gnu/libdl.so.2
7eda51cfd000-7eda51cfe000 r--p 00000000 08:06 788921                     /usr/lib/x86_64-linux-gnu/libpthread.so.0
7eda51cfe000-7eda51cff000 r-xp 00001000 08:06 788921                     /usr/lib/x86_64-linux-gnu/libpthread.so.0
7eda51cff000-7eda51d00000 r--p 00002000 08:06 788921                     /usr/lib/x86_64-linux-gnu/libpthread.so.0
7eda51d00000-7eda51d01000 r--p 00002000 08:06 788921                     /usr/lib/x86_64-linux-gnu/libpthread.so.0
7eda51d01000-7eda51d02000 rw-p 00003000 08:06 788921                     /usr/lib/x86_64-linux-gnu/libpthread.so.0
7eda51d05000-7eda51d13000 r-xp 00000000 08:06 1216205                    /usr/lib/jvm/jdk-21.0.8-oracle-x64/lib/libjli.so
7eda51d13000-7eda51d14000 ---p 0000e000 08:06 1216205                    /usr/lib/jvm/jdk-21.0.8-oracle-x64/lib/libjli.so
7eda51d14000-7eda51d15000 r--p 0000e000 08:06 1216205                    /usr/lib/jvm/jdk-21.0.8-oracle-x64/lib/libjli.so
7eda51d15000-7eda51d16000 rw-p 0000f000 08:06 1216205                    /usr/lib/jvm/jdk-21.0.8-oracle-x64/lib/libjli.so
7eda51d1d000-7eda51d1f000 r--p 00000000 08:06 798564                     /usr/lib/x86_64-linux-gnu/libz.so.1.3
7eda51d1f000-7eda51d31000 r-xp 00002000 08:06 798564                     /usr/lib/x86_64-linux-gnu/libz.so.1.3
7eda51d31000-7eda51d37000 r--p 00014000 08:06 798564                     /usr/lib/x86_64-linux-gnu/libz.so.1.3
7eda51d37000-7eda51d38000 r--p 0001a000 08:06 798564                     /usr/lib/x86_64-linux-gnu/libz.so.1.3
7eda51d38000-7eda51d39000 rw-p 0001b000 08:06 798564                     /usr/lib/x86_64-linux-gnu/libz.so.1.3
7eda51d43000-7eda51d44000 ---p 00000000 00:00 0 
7eda51d44000-7eda51d45000 r--p 00000000 00:00 0 
7eda51d45000-7eda51d46000 r--p 00000000 08:06 788923                     /usr/lib/x86_64-linux-gnu/librt.so.1
7eda51d46000-7eda51d47000 r-xp 00001000 08:06 788923                     /usr/lib/x86_64-linux-gnu/librt.so.1
7eda51d47000-7eda51d48000 r--p 00002000 08:06 788923                     /usr/lib/x86_64-linux-gnu/librt.so.1
7eda51d48000-7eda51d49000 r--p 00002000 08:06 788923                     /usr/lib/x86_64-linux-gnu/librt.so.1
7eda51d49000-7eda51d4a000 rw-p 00003000 08:06 788923                     /usr/lib/x86_64-linux-gnu/librt.so.1
7eda51d4b000-7eda51d4f000 rw-p 00000000 00:00 0 
7eda51d4f000-7eda51d51000 r--p 00000000 00:00 0                          [vvar]
7eda51d51000-7eda51d53000 r--p 00000000 00:00 0                          [vvar_vclock]
7eda51d53000-7eda51d55000 r-xp 00000000 00:00 0                          [vdso]
7eda51d55000-7eda51d56000 r--p 00000000 08:06 788906                     /usr/lib/x86_64-linux-gnu/ld-linux-x86-64.so.2
7eda51d56000-7eda51d81000 r-xp 00001000 08:06 788906                     /usr/lib/x86_64-linux-gnu/ld-linux-x86-64.so.2
7eda51d81000-7eda51d8b000 r--p 0002c000 08:06 788906                     /usr/lib/x86_64-linux-gnu/ld-linux-x86-64.so.2
7eda51d8b000-7eda51d8d000 r--p 00036000 08:06 788906                     /usr/lib/x86_64-linux-gnu/ld-linux-x86-64.so.2
7eda51d8d000-7eda51d8f000 rw-p 00038000 08:06 788906                     /usr/lib/x86_64-linux-gnu/ld-linux-x86-64.so.2
7eda51d8f000-7eda51d90000 ---p 00000000 00:00 0 
7eda51d90000-7eda51d92000 rw-p 00000000 00:00 0 
7ffe83eae000-7ffe83ecf000 rw-p 00000000 00:00 0                          [stack]
ffffffffff600000-ffffffffff601000 --xp 00000000 00:00 0                  [vsyscall]
Total number of mappings: 190


VM Arguments:
jvm_args: -Dmaven.home=/home/tztyfrank/Documentos/Programacion III -Dmaven.multiModuleProjectDirectory=/home/tztyfrank/Documentos/Programacion III/InventarioWebAppPRN335 
java_command: org.apache.maven.wrapper.MavenWrapperMain -Didea.version=2025.2.1 -Dmaven.ext.class.path=/snap/intellij-idea-ultimate/644/plugins/maven/lib/maven-event-listener.jar -Djansi.passthrough=true -Dstyle.color=always -Dmaven.repo.local=/home/tztyfrank/.m2/repository validate -f pom.xml
java_class_path (initial): /home/tztyfrank/Documentos/Programacion III/InventarioWebAppPRN335/.mvn/wrapper/maven-wrapper.jar
Launcher Type: SUN_STANDARD

[Global flags]
     intx CICompilerCount                          = 3                                         {product} {ergonomic}
     uint ConcGCThreads                            = 1                                         {product} {ergonomic}
     uint G1ConcRefinementThreads                  = 4                                         {product} {ergonomic}
   size_t G1HeapRegionSize                         = 4194304                                   {product} {ergonomic}
    uintx GCDrainStackTargetSize                   = 64                                        {product} {ergonomic}
   size_t InitialHeapSize                          = 511705088                                 {product} {ergonomic}
   size_t MarkStackSize                            = 4194304                                   {product} {ergonomic}
   size_t MaxHeapSize                              = 8141144064                                {product} {ergonomic}
   size_t MaxNewSize                               = 4882169856                                {product} {ergonomic}
   size_t MinHeapDeltaBytes                        = 4194304                                   {product} {ergonomic}
   size_t MinHeapSize                              = 8388608                                   {product} {ergonomic}
    uintx NonNMethodCodeHeapSize                   = 5832780                                {pd product} {ergonomic}
    uintx NonProfiledCodeHeapSize                  = 122912730                              {pd product} {ergonomic}
    uintx ProfiledCodeHeapSize                     = 122912730                              {pd product} {ergonomic}
    uintx ReservedCodeCacheSize                    = 251658240                              {pd product} {ergonomic}
     bool SegmentedCodeCache                       = true                                      {product} {ergonomic}
   size_t SoftMaxHeapSize                          = 8141144064                             {manageable} {ergonomic}
     bool UseCompressedOops                        = true                           {product lp64_product} {ergonomic}
     bool UseG1GC                                  = true                                      {product} {ergonomic}

Logging:
Log output configuration:
 #0: stdout all=warning uptime,level,tags foldmultilines=false
 #1: stderr all=off uptime,level,tags foldmultilines=false

Environment Variables:
JAVA_HOME=/usr/java/jdk-21-oracle-x64
PATH=/usr/local/sbin:/usr/local/bin:/usr/sbin:/usr/bin:/sbin:/bin:/usr/games:/usr/local/games:/snap/bin:/snap/bin
USERNAME=tztyfrank
SHELL=/bin/bash
DISPLAY=:0
LANG=es_ES.UTF-8

Active Locale:
LC_ALL=es_ES.UTF-8
LC_COLLATE=es_ES.UTF-8
LC_CTYPE=es_ES.UTF-8
LC_MESSAGES=es_ES.UTF-8
LC_MONETARY=es_ES.UTF-8
LC_NUMERIC=es_ES.UTF-8
LC_TIME=es_ES.UTF-8

Signal Handlers:
   SIGSEGV: crash_handler in libjvm.so, mask=11100100010111111101111111111110, flags=SA_RESTART|SA_SIGINFO, unblocked
    SIGBUS: crash_handler in libjvm.so, mask=11100100010111111101111111111110, flags=SA_RESTART|SA_SIGINFO, unblocked
    SIGFPE: crash_handler in libjvm.so, mask=11100100010111111101111111111110, flags=SA_RESTART|SA_SIGINFO, unblocked
   SIGPIPE: javaSignalHandler in libjvm.so, mask=11100100010111111101111111111110, flags=SA_RESTART|SA_SIGINFO, blocked
   SIGXFSZ: javaSignalHandler in libjvm.so, mask=11100100010111111101111111111110, flags=SA_RESTART|SA_SIGINFO, blocked
    SIGILL: crash_handler in libjvm.so, mask=11100100010111111101111111111110, flags=SA_RESTART|SA_SIGINFO, unblocked
   SIGUSR2: SR_handler in libjvm.so, mask=00000000000000000000000000000000, flags=SA_RESTART|SA_SIGINFO, blocked
    SIGHUP: UserHandler in libjvm.so, mask=11100100010111111101111111111110, flags=SA_RESTART|SA_SIGINFO, blocked
    SIGINT: UserHandler in libjvm.so, mask=11100100010111111101111111111110, flags=SA_RESTART|SA_SIGINFO, blocked
   SIGTERM: UserHandler in libjvm.so, mask=11100100010111111101111111111110, flags=SA_RESTART|SA_SIGINFO, blocked
   SIGQUIT: UserHandler in libjvm.so, mask=11100100010111111101111111111110, flags=SA_RESTART|SA_SIGINFO, blocked
   SIGTRAP: crash_handler in libjvm.so, mask=11100100010111111101111111111110, flags=SA_RESTART|SA_SIGINFO, unblocked


Periodic native trim disabled

---------------  S Y S T E M  ---------------

OS:
DISTRIB_ID=Ubuntu
DISTRIB_RELEASE=24.04
DISTRIB_CODENAME=noble
DISTRIB_DESCRIPTION="Ubuntu 24.04.3 LTS"
uname: Linux 6.14.0-29-generic #29~24.04.1-Ubuntu SMP PREEMPT_DYNAMIC Thu Aug 14 16:52:50 UTC 2 x86_64
OS uptime: 0 days 7:07 hours
libc: glibc 2.39 NPTL 2.39 
rlimit (soft/hard): STACK 8192k/infinity , CORE 0k/infinity , NPROC 123646/123646 , NOFILE 1048576/1048576 , AS infinity/infinity , CPU infinity/infinity , DATA infinity/infinity , FSIZE infinity/infinity , MEMLOCK 3974236k/3974236k
load average: 0,94 2,16 3,25

/proc/meminfo:
MemTotal:       31793896 kB
MemFree:        20285908 kB
MemAvailable:   25302144 kB
Buffers:          271444 kB
Cached:          5177064 kB
SwapCached:            0 kB
Active:          8147920 kB
Inactive:        2407536 kB
Active(anon):    5298356 kB
Inactive(anon):        0 kB
Active(file):    2849564 kB
Inactive(file):  2407536 kB
Unevictable:          32 kB
Mlocked:              32 kB
SwapTotal:       8388604 kB
SwapFree:        8388604 kB
Zswap:                 0 kB
Zswapped:              0 kB
Dirty:              2756 kB
Writeback:             0 kB
AnonPages:       5107176 kB
Mapped:          1791268 kB
Shmem:            191400 kB
KReclaimable:     215508 kB
Slab:             478308 kB
SReclaimable:     215508 kB
SUnreclaim:       262800 kB
KernelStack:       18872 kB
PageTables:        58092 kB
SecPageTables:      4120 kB
NFS_Unstable:          0 kB
Bounce:                0 kB
WritebackTmp:          0 kB
CommitLimit:    24285552 kB
Committed_AS:   20616672 kB
VmallocTotal:   34359738367 kB
VmallocUsed:       75044 kB
VmallocChunk:          0 kB
Percpu:             4208 kB
HardwareCorrupted:     0 kB
AnonHugePages:         0 kB
ShmemHugePages:        0 kB
ShmemPmdMapped:        0 kB
FileHugePages:         0 kB
FilePmdMapped:         0 kB
Unaccepted:            0 kB
HugePages_Total:       0
HugePages_Free:        0
HugePages_Rsvd:        0
HugePages_Surp:        0
Hugepagesize:       2048 kB
Hugetlb:               0 kB
DirectMap4k:      463856 kB
DirectMap2M:    13125632 kB
DirectMap1G:    18874368 kB

/sys/kernel/mm/transparent_hugepage/enabled: always [madvise] never
/sys/kernel/mm/transparent_hugepage/defrag (defrag/compaction efforts parameter): always defer defer+madvise [madvise] never

Process Memory:
Virtual Size: 10828188K (peak: 10828188K)
Resident Set Size: 44044K (peak: 44044K) (anon: 23040K, file: 21004K, shmem: 0K)
Swapped out: 0K
C-Heap outstanding allocations: 16276K, retained: 2095K
glibc malloc tunables: (default)

/proc/sys/kernel/threads-max (system-wide limit on the number of threads): 247293
/proc/sys/vm/max_map_count (maximum number of memory map areas a process may have): 1048576
/proc/sys/kernel/pid_max (system-wide limit on number of process identifiers): 4194304

container information not found.
Steal ticks since vm start: 0
Steal ticks percentage since vm start:  0,000

CPU: total 4 (initial active 4) (4 cores per cpu, 1 threads per core) family 21 model 101 stepping 1 microcode 0x6006118, cx8, cmov, fxsr, mmx, 3dnowpref, sse, sse2, sse3, ssse3, sse4a, sse4.1, sse4.2, popcnt, lzcnt, tsc, tscinvbit, avx, avx2, aes, clmul, bmi1, bmi2, fma, vzeroupper, clflush, rdtscp, f16c
CPU Model and flags from /proc/cpuinfo:
model name	: AMD A12-9720P RADEON R7, 12 COMPUTE CORES 4C+8G
flags		: fpu vme de pse tsc msr pae mce cx8 apic sep mtrr pge mca cmov pat pse36 clflush mmx fxsr sse sse2 ht syscall nx mmxext fxsr_opt pdpe1gb rdtscp lm constant_tsc rep_good acc_power nopl nonstop_tsc cpuid extd_apicid aperfmperf pni pclmulqdq monitor ssse3 fma cx16 sse4_1 sse4_2 movbe popcnt aes xsave avx f16c lahf_lm cmp_legacy svm extapic cr8_legacy abm sse4a misalignsse 3dnowprefetch osvw ibs xop skinit wdt lwp fma4 tce nodeid_msr tbm topoext perfctr_core perfctr_nb bpext ptsc mwaitx cpb hw_pstate ssbd vmmcall fsgsbase bmi1 avx2 smep bmi2 xsaveopt arat npt lbrv svm_lock nrip_save tsc_scale vmcb_clean flushbyasid decodeassists pausefilter pfthreshold avic v_vmsave_vmload vgif overflow_recov

Online cpus: 0-3
Offline cpus: 
BIOS frequency limitation: 2700000
Frequency switch latency (ns): 4000
Available cpu frequencies: 2700000 2300000 1800000 1400000 
Current governor: schedutil
Core performance/turbo boost: 1

Memory: 4k page, physical 31793896k(25302144k free), swap 8388604k(8388604k free)
Page Sizes: 4k

vm_info: Java HotSpot(TM) 64-Bit Server VM (21.0.8+12-LTS-250) for linux-amd64 JRE (21.0.8+12-LTS-250), built on 2025-06-27T08:11:22Z by "mach5one" with gcc 13.2.0

END.
